<?xml version="1.0" encoding="UTF-8"?>
<!-- Generated by org.testng.reporters.JUnitReportReporter -->
<testsuite hostname="WIN-R6QNSEN5OV6" name="MavenProdautomationtest.MavenProdautomationtest.Prodemp_dashboard_test" tests="1" failures="0" timestamp="28 Mar 2019 16:42:53 GMT" time="132.981" errors="0">
  <testcase name="prodEmpLogin" time="132.981" classname="MavenProdautomationtest.MavenProdautomationtest.Prodemp_dashboard_test"/>
</testsuite> <!-- MavenProdautomationtest.MavenProdautomationtest.Prodemp_dashboard_test -->
