<?xml version="1.0" encoding="UTF-8"?>
<!-- Generated by org.testng.reporters.JUnitReportReporter -->
<testsuite hostname="WIN-R6QNSEN5OV6" name="MavenProdautomationtest.MavenProdautomationtest.Yarndashboard_test" tests="1" failures="0" timestamp="28 Mar 2019 16:42:53 GMT" time="39.015" errors="0">
  <testcase name="prodyarn" time="39.015" classname="MavenProdautomationtest.MavenProdautomationtest.Yarndashboard_test"/>
</testsuite> <!-- MavenProdautomationtest.MavenProdautomationtest.Yarndashboard_test -->
