<?xml version="1.0" encoding="UTF-8"?>
<!-- Generated by org.testng.reporters.JUnitReportReporter -->
<testsuite hostname="WIN-R6QNSEN5OV6" name="MavenDevautomationtest.MavenDevautomationtest.Yarndashboard_test" tests="1" failures="0" timestamp="28 Mar 2019 13:06:45 GMT" time="39.134" errors="0">
  <testcase name="prodyarn" time="39.134" classname="MavenDevautomationtest.MavenDevautomationtest.Yarndashboard_test"/>
</testsuite> <!-- MavenDevautomationtest.MavenDevautomationtest.Yarndashboard_test -->
