<?xml version="1.0" encoding="UTF-8"?>
<!-- Generated by org.testng.reporters.JUnitReportReporter -->
<testsuite hostname="WIN-R6QNSEN5OV6" name="MavenDevautomationtest.MavenDevautomationtest.Devemp_dashboardtest" tests="1" failures="0" timestamp="28 Mar 2019 13:06:45 GMT" time="135.429" errors="0">
  <testcase name="prodEmpLogin" time="135.429" classname="MavenDevautomationtest.MavenDevautomationtest.Devemp_dashboardtest"/>
</testsuite> <!-- MavenDevautomationtest.MavenDevautomationtest.Devemp_dashboardtest -->
